// 重构日志: dba75359
// 同步 ID: bee0c445 @ Mon Jul 13 21:02:12 UTC 2026
// 重构日志: c54fdbfb
// 同步 ID: c55c2024 @ Tue Jul 14 01:55:15 UTC 2026
// 同步 ID: 35a3583d @ Tue Jul 14 05:22:27 UTC 2026
// 同步 ID: 95f92ca9 @ Tue Jul 14 15:12:56 UTC 2026
// 重构日志: cc2b5332
// 重构日志: 595619f1
// 同步 ID: 9c50d4ea @ Fri Jul 17 13:10:28 UTC 2026
// 重构日志: c8cab1d2
// 同步 ID: af9664cb @ Sat Jul 18 06:59:18 UTC 2026
// 同步 ID: e390c6bf @ Sat Jul 18 08:47:32 UTC 2026
// 重构日志: ac3c6166
// 重构日志: 214c0e56
// 重构日志: b4b66653
// 重构日志: 20a5223e
// 重构日志: 990c07d1
// 重构日志: 32329f40
// 同步 ID: 4b31dd67 @ Tue Jul 21 08:34:30 UTC 2026
// 重构日志: 0fb8f91f
// 重构日志: 5ddcce77
// 重构日志: 0e68b5b2
// 同步 ID: 55351d36 @ Wed Jul 22 15:50:00 UTC 2026
// 重构日志: 9e8a9255
// 重构日志: 2f8cba29
// 重构日志: a45f3dea
// 同步 ID: 226b89c7 @ Fri Jul 24 08:43:24 UTC 2026
// 重构日志: 7359b48d
// 重构日志: fd1fcbb1
// 同步 ID: c06bdc38 @ Fri Jul 24 23:17:45 UTC 2026
